-------------------------------------------------------------------------------
Test set: at.fhv.bdd.CucumberTest
-------------------------------------------------------------------------------
Tests run: 3, Failures: 0, Errors: 1, Skipped: 0, Time elapsed: 17.471 s <<< FAILURE! - in at.fhv.bdd.CucumberTest
Project is implementable but doesnÂ´t get approved  Time elapsed: 0.625 s  <<< ERROR!
java.lang.IllegalArgumentException: Illegal call of complete(task = 'null') - must not be null!

