-------------------------------------------------------------------------------
Test set: com.projectapprovalprocess.workflow.WorkflowTest
-------------------------------------------------------------------------------
Tests run: 1, Failures: 0, Errors: 1, Skipped: 0, Time elapsed: 0.028 s <<< FAILURE! - in com.projectapprovalprocess.workflow.WorkflowTest
initializationError  Time elapsed: 0.022 s  <<< ERROR!
java.lang.IllegalStateException: Unable to find a @SpringBootConfiguration, you need to use @ContextConfiguration or @SpringBootTest(classes=...) with your test

